[debug] [2022-05-04T03:30:56.562Z] ----------------------------------------------------------------------
[debug] [2022-05-04T03:30:56.564Z] Command:       C:\Program Files\nodejs\node.exe C:\Users\yangm\AppData\Roaming\npm\node_modules\firebase-tools\lib\bin\firebase.js init
[debug] [2022-05-04T03:30:56.564Z] CLI Version:   10.7.2
[debug] [2022-05-04T03:30:56.564Z] Platform:      win32
[debug] [2022-05-04T03:30:56.564Z] Node Version:  v16.15.0
[debug] [2022-05-04T03:30:56.566Z] Time:          Tue May 03 2022 23:30:56 GMT-0400 (Eastern Daylight Saving Time)
[debug] [2022-05-04T03:30:56.566Z] ----------------------------------------------------------------------
[debug] 
[debug] [2022-05-04T03:30:56.629Z] > command requires scopes: ["email","openid","https://www.googleapis.com/auth/cloudplatformprojects.readonly","https://www.googleapis.com/auth/firebase","https://www.googleapis.com/auth/cloud-platform"]
[debug] [2022-05-04T03:30:56.629Z] > authorizing via signed-in user (alexyang9@gmail.com)
[info] 
     ######## #### ########  ######## ########     ###     ######  ########
     ##        ##  ##     ## ##       ##     ##  ##   ##  ##       ##
     ######    ##  ########  ######   ########  #########  ######  ######
     ##        ##  ##    ##  ##       ##     ## ##     ##       ## ##
     ##       #### ##     ## ######## ########  ##     ##  ######  ########

You're about to initialize a Firebase project in this directory:

  C:\Users\yangm\GCTO\WUPicker2

Before we get started, keep in mind:

  * You are initializing within an existing Firebase project directory

